<?xml version="1.0" encoding="UTF-8"?>
<!-- Generated by org.testng.reporters.JUnitXMLReporter -->
<testsuite hostname="Lenovo-PC" ignored="0" name="Complete Sign in Button tests with Hindi Language" tests="12" failures="0" timestamp="2020-03-18T20:23:44 IST" time="116.146" errors="0">
  <testcase name="checkSignInButton" time="7.88" classname="com.qa.tests.SigninWithHindiLanguage"/>
  <testcase name="checkHindiLangButton" time="4.069" classname="com.qa.tests.SigninWithHindiLanguage"/>
  <testcase name="checkAgreeAndContinueButton" time="2.007" classname="com.qa.tests.SigninWithHindiLanguage"/>
  <testcase name="checkSmsAllowButton" time="1.431" classname="com.qa.tests.SigninWithHindiLanguage"/>
  <testcase name="checkContactsAllowButton" time="1.272" classname="com.qa.tests.SigninWithHindiLanguage"/>
  <testcase name="checkManagePhoneCallsAllowButton" time="1.177" classname="com.qa.tests.SigninWithHindiLanguage"/>
  <testcase name="checkLocationAllowButton" time="2.811" classname="com.qa.tests.SigninWithHindiLanguage"/>
  <testcase name="checkFBLoginButton" time="10.429" classname="com.qa.tests.SigninWithHindiLanguage"/>
  <testcase name="checkFBLoginPage" time="18.686" classname="com.qa.tests.SigninWithHindiLanguage"/>
  <testcase name="checkContinueLoginWithFBBtn" time="20.35" classname="com.qa.tests.SigninWithHindiLanguage"/>
  <testcase name="checkCreatePassword" time="5.558" classname="com.qa.tests.SigninWithHindiLanguage"/>
  <testcase name="checkConfirmPassword" time="15.111" classname="com.qa.tests.SigninWithHindiLanguage"/>
</testsuite> <!-- Complete Sign in Button tests with Hindi Language -->
