<?xml version="1.0" encoding="UTF-8"?>
<!-- Generated by org.testng.reporters.JUnitXMLReporter -->
<testsuite hostname="Lenovo-PC" ignored="0" name="Home Page Button tests" tests="7" failures="1" timestamp="2020-03-15T15:22:48 IST" time="163.937" errors="0">
  <testcase name="checkHomePageScrolling" time="24.946" classname="com.qa.tests.HomePageButtonTests"/>
  <testcase name="checkMenueButton" time="3.854" classname="com.qa.tests.HomePageButtonTests"/>
  <testcase name="checkChatShortCutButton" time="8.079" classname="com.qa.tests.HomePageButtonTests"/>
  <testcase name="checkEarnCoinsButton" time="0.015" classname="com.qa.tests.HomePageButtonTests">
    <failure type="java.lang.NullPointerException">
      <![CDATA[java.lang.NullPointerException
at com.qa.tests.HomePageButtonTests.checkEarnCoinsButton(HomePageButtonTests.java:230)
at java.util.ArrayList.forEach(ArrayList.java:1249)
... Removed 27 stack frames]]>
    </failure>
  </testcase> <!-- checkEarnCoinsButton -->
  <testcase name="checkMyKhataButton" time="32.806" classname="com.qa.tests.HomePageButtonTests"/>
  <testcase name="checkMyProfileButton" time="8.562" classname="com.qa.tests.HomePageButtonTests"/>
  <testcase name="checkContactUsButton" time="8.159" classname="com.qa.tests.HomePageButtonTests"/>
</testsuite> <!-- Home Page Button tests -->
