<?xml version="1.0" encoding="UTF-8"?>
<!-- Generated by org.testng.reporters.JUnitXMLReporter -->
<testsuite hostname="Lenovo-PC" ignored="0" name="Menu Page Button Tests" tests="10" failures="0" timestamp="2020-05-01T17:06:58 IST" time="133.79" errors="0">
  <testcase name="checkHomePageScrolling" time="30.31" classname="com.qa.tests.MenuPageButtonTest"/>
  <testcase name="checkMenuPageHomeButton" time="5.303" classname="com.qa.tests.MenuPageButtonTest"/>
  <testcase name="checkMenuPageMyLoansButton" time="5.233" classname="com.qa.tests.MenuPageButtonTest"/>
  <testcase name="checkMenuPageMyProfileButton" time="6.848" classname="com.qa.tests.MenuPageButtonTest"/>
  <testcase name="checkMenuPageAllTransactionButton" time="6.88" classname="com.qa.tests.MenuPageButtonTest"/>
  <testcase name="checkMenuPageHelpAndSupportButton" time="5.787" classname="com.qa.tests.MenuPageButtonTest"/>
  <testcase name="checkMenuPageFAQButton" time="7.653" classname="com.qa.tests.MenuPageButtonTest"/>
  <testcase name="checkMenuPageLanguageSettingButton" time="9.94" classname="com.qa.tests.MenuPageButtonTest"/>
  <testcase name="checkMenuPageTroubleshootButton" time="7.916" classname="com.qa.tests.MenuPageButtonTest"/>
  <testcase name="checkMenuPageMyBankDetailsButton" time="7.102" classname="com.qa.tests.MenuPageButtonTest"/>
</testsuite> <!-- Menu Page Button Tests -->
