<?xml version="1.0" encoding="UTF-8"?>
<!-- Generated by org.testng.reporters.JUnitXMLReporter -->
<testsuite hostname="Lenovo-PC" ignored="0" name="Menu Page Button Tests" tests="10" failures="0" timestamp="2020-03-15T15:25:36 IST" time="167.5" errors="0">
  <testcase name="checkHomePageScrolling" time="24.7" classname="com.qa.tests.MenuPageButtonTest"/>
  <testcase name="checkMenuPageHomeButton" time="6.897" classname="com.qa.tests.MenuPageButtonTest"/>
  <testcase name="checkMenuPageMyLoansButton" time="6.372" classname="com.qa.tests.MenuPageButtonTest"/>
  <testcase name="checkMenuPageMyProfileButton" time="8.782" classname="com.qa.tests.MenuPageButtonTest"/>
  <testcase name="checkMenuPageAllTransactionButton" time="8.254" classname="com.qa.tests.MenuPageButtonTest"/>
  <testcase name="checkMenuPageHelpAndSupportButton" time="7.923" classname="com.qa.tests.MenuPageButtonTest"/>
  <testcase name="checkMenuPageFAQButton" time="7.881" classname="com.qa.tests.MenuPageButtonTest"/>
  <testcase name="checkMenuPageLanguageSettingButton" time="8.881" classname="com.qa.tests.MenuPageButtonTest"/>
  <testcase name="checkMenuPageTroubleshootButton" time="11.695" classname="com.qa.tests.MenuPageButtonTest"/>
  <testcase name="checkMenuPageMyBankDetailsButton" time="7.043" classname="com.qa.tests.MenuPageButtonTest"/>
</testsuite> <!-- Menu Page Button Tests -->
