<?xml version="1.0" encoding="UTF-8"?>
<!-- Generated by org.testng.reporters.JUnitXMLReporter -->
<testsuite hostname="Lenovo-PC" ignored="0" name="Registration Page Button tests" tests="9" failures="0" timestamp="2020-03-18T17:36:56 IST" time="127.407" errors="0">
  <testcase name="checkRegistrationInvalidName" time="12.087" classname="com.qa.tests.SignupRegisterFullNameAndMobileNumberTests"/>
  <testcase name="checkRegistrationInvalidNumber" time="9.161" classname="com.qa.tests.SignupRegisterFullNameAndMobileNumberTests"/>
  <testcase name="checkRegistrationInvalidNameBySpacelChar" time="9.518" classname="com.qa.tests.SignupRegisterFullNameAndMobileNumberTests"/>
  <testcase name="checkRegistrationEmptyNameAndNumber" time="9.607" classname="com.qa.tests.SignupRegisterFullNameAndMobileNumberTests"/>
  <testcase name="checkRegistrationEmptyNameValidNumber" time="8.696" classname="com.qa.tests.SignupRegisterFullNameAndMobileNumberTests"/>
  <testcase name="checkRegistrationEmptyNumberValidName" time="8.322" classname="com.qa.tests.SignupRegisterFullNameAndMobileNumberTests"/>
  <testcase name="checkRegistrationSpaceInNumber" time="9.027" classname="com.qa.tests.SignupRegisterFullNameAndMobileNumberTests"/>
  <testcase name="checkRegistrationEightDigitsNumber" time="9.396" classname="com.qa.tests.SignupRegisterFullNameAndMobileNumberTests"/>
  <testcase name="checkRegistrationWithValidNameAndNumber" time="11.044" classname="com.qa.tests.SignupRegisterFullNameAndMobileNumberTests"/>
</testsuite> <!-- Registration Page Button tests -->
