<?xml version="1.0" encoding="UTF-8"?>
<!-- Generated by org.testng.reporters.JUnitXMLReporter -->
<testsuite hostname="Lenovo-PC" ignored="0" name="Test" tests="9" failures="0" timestamp="2020-03-11T16:41:46 IST" time="146.366" errors="0">
  <testcase name="checkHomePageScrolling" time="28.452" classname="com.qa.tests.HomePageButtonTests"/>
  <testcase name="checkMenueButton" time="2.459" classname="com.qa.tests.HomePageButtonTests"/>
  <testcase name="checkChatShortCutButton" time="10.28" classname="com.qa.tests.HomePageButtonTests"/>
  <testcase name="checkVerifyMobileNumberButton" time="8.769" classname="com.qa.tests.HomePageButtonTests"/>
  <testcase name="checkUploadBankAccountStatementButton" time="6.251" classname="com.qa.tests.HomePageButtonTests"/>
  <testcase name="checkEarnCoinsButton" time="6.335" classname="com.qa.tests.HomePageButtonTests"/>
  <testcase name="checkMyKhataButton" time="9.475" classname="com.qa.tests.HomePageButtonTests"/>
  <testcase name="checkMyProfileButton" time="13.196" classname="com.qa.tests.HomePageButtonTests"/>
  <testcase name="checkContactUsButton" time="10.247" classname="com.qa.tests.HomePageButtonTests"/>
</testsuite> <!-- Test -->
