<?xml version="1.0" encoding="UTF-8"?>
<!-- Generated by org.testng.reporters.JUnitXMLReporter -->
<testsuite hostname="Lenovo-PC" ignored="0" name="Test" tests="3" failures="0" timestamp="2020-03-09T18:51:25 IST" time="132.649" errors="0">
  <testcase name="checkHomePageScrolling" time="28.537" classname="com.qa.tests.AddBankAccountPageTest"/>
  <testcase name="checkAddBankAccountWithCheckLeafPage" time="34.09" classname="com.qa.tests.AddBankAccountPageTest"/>
  <testcase name="checkAddBankAccountWithIfscCodefPage" time="31.944" classname="com.qa.tests.AddBankAccountPageTest"/>
</testsuite> <!-- Test -->
