<?xml version="1.0" encoding="UTF-8"?>
<!-- Generated by org.testng.reporters.JUnitXMLReporter -->
<testsuite hostname="Lenovo-PC" ignored="0" name="Test1" tests="9" failures="0" timestamp="2020-03-11T16:56:37 IST" time="129.707" errors="0">
  <testcase name="checkHomePageScrolling" time="24.086" classname="com.qa.tests.HomePageButtonTests"/>
  <testcase name="checkMenueButton" time="3.682" classname="com.qa.tests.HomePageButtonTests"/>
  <testcase name="checkChatShortCutButton" time="13.816" classname="com.qa.tests.HomePageButtonTests"/>
  <testcase name="checkVerifyMobileNumberButton" time="6.173" classname="com.qa.tests.HomePageButtonTests"/>
  <testcase name="checkUploadBankAccountStatementButton" time="5.018" classname="com.qa.tests.HomePageButtonTests"/>
  <testcase name="checkEarnCoinsButton" time="5.081" classname="com.qa.tests.HomePageButtonTests"/>
  <testcase name="checkMyKhataButton" time="7.535" classname="com.qa.tests.HomePageButtonTests"/>
  <testcase name="checkMyProfileButton" time="8.742" classname="com.qa.tests.HomePageButtonTests"/>
  <testcase name="checkContactUsButton" time="8.627" classname="com.qa.tests.HomePageButtonTests"/>
</testsuite> <!-- Test1 -->
