<?xml version="1.0" encoding="UTF-8"?>
<testng-results skipped="0" failed="0" ignored="0" total="12" passed="12">
  <reporter-output>
  </reporter-output>
  <suite name="Suite" duration-ms="105918" started-at="2020-03-20T00:48:43 IST" finished-at="2020-03-20T00:50:28 IST">
    <groups>
    </groups>
    <test name="Complete Sign in Button tests with English Language" duration-ms="105918" started-at="2020-03-20T00:48:43 IST" finished-at="2020-03-20T00:50:28 IST">
      <class name="com.qa.tests.SigninWithEnglishLanguage">
        <test-method status="PASS" signature="beforeTest(java.lang.String, java.lang.String, java.lang.String)[pri:0, instance:com.qa.tests.SigninWithEnglishLanguage@26a262d6]" name="beforeTest" is-config="true" duration-ms="14773" started-at="2020-03-20T00:48:43 IST" finished-at="2020-03-20T00:48:57 IST">
          <params>
            <param index="0">
              <value>
                <![CDATA[Android]]>
              </value>
            </param>
            <param index="1">
              <value>
                <![CDATA[9.0]]>
              </value>
            </param>
            <param index="2">
              <value>
                <![CDATA[Android Emulator]]>
              </value>
            </param>
          </params>
          <reporter-output>
          </reporter-output>
        </test-method> <!-- beforeTest -->
        <test-method status="PASS" signature="beforeClass()[pri:0, instance:com.qa.tests.SigninWithEnglishLanguage@26a262d6]" name="beforeClass" is-config="true" duration-ms="667" started-at="2020-03-20T00:48:57 IST" finished-at="2020-03-20T00:48:58 IST">
          <reporter-output>
          </reporter-output>
        </test-method> <!-- beforeClass -->
        <test-method status="PASS" signature="beforeMethod(java.lang.reflect.Method)[pri:0, instance:com.qa.tests.SigninWithEnglishLanguage@26a262d6]" name="beforeMethod" is-config="true" duration-ms="4" started-at="2020-03-20T00:48:58 IST" finished-at="2020-03-20T00:48:58 IST">
          <params>
            <param index="0">
              <value>
                <![CDATA[public void com.qa.tests.SigninWithEnglishLanguage.checkSignInButton()]]>
              </value>
            </param>
          </params>
          <reporter-output>
          </reporter-output>
        </test-method> <!-- beforeMethod -->
        <test-method status="PASS" signature="checkSignInButton()[pri:1, instance:com.qa.tests.SigninWithEnglishLanguage@26a262d6]" name="checkSignInButton" duration-ms="6820" started-at="2020-03-20T00:48:58 IST" description="Verify Signin Button and after verification it will jump on Language page" finished-at="2020-03-20T00:49:05 IST">
          <reporter-output>
          </reporter-output>
        </test-method> <!-- checkSignInButton -->
        <test-method status="PASS" signature="afterMethod()[pri:0, instance:com.qa.tests.SigninWithEnglishLanguage@26a262d6]" name="afterMethod" is-config="true" duration-ms="1" started-at="2020-03-20T00:49:06 IST" finished-at="2020-03-20T00:49:06 IST">
          <reporter-output>
          </reporter-output>
        </test-method> <!-- afterMethod -->
        <test-method status="PASS" signature="beforeMethod(java.lang.reflect.Method)[pri:0, instance:com.qa.tests.SigninWithEnglishLanguage@26a262d6]" name="beforeMethod" is-config="true" duration-ms="2" started-at="2020-03-20T00:49:06 IST" finished-at="2020-03-20T00:49:06 IST">
          <params>
            <param index="0">
              <value>
                <![CDATA[public void com.qa.tests.SigninWithEnglishLanguage.checkEnglishLangButton()]]>
              </value>
            </param>
          </params>
          <reporter-output>
          </reporter-output>
        </test-method> <!-- beforeMethod -->
        <test-method status="PASS" signature="checkEnglishLangButton()[pri:2, instance:com.qa.tests.SigninWithEnglishLanguage@26a262d6]" name="checkEnglishLangButton" duration-ms="3654" started-at="2020-03-20T00:49:06 IST" description="Verify Select English language  Button and clicked on Continue With English Language Button and after verification it will jump on Permission page" finished-at="2020-03-20T00:49:09 IST">
          <reporter-output>
          </reporter-output>
        </test-method> <!-- checkEnglishLangButton -->
        <test-method status="PASS" signature="afterMethod()[pri:0, instance:com.qa.tests.SigninWithEnglishLanguage@26a262d6]" name="afterMethod" is-config="true" duration-ms="1" started-at="2020-03-20T00:49:10 IST" finished-at="2020-03-20T00:49:10 IST">
          <reporter-output>
          </reporter-output>
        </test-method> <!-- afterMethod -->
        <test-method status="PASS" signature="beforeMethod(java.lang.reflect.Method)[pri:0, instance:com.qa.tests.SigninWithEnglishLanguage@26a262d6]" name="beforeMethod" is-config="true" duration-ms="1" started-at="2020-03-20T00:49:10 IST" finished-at="2020-03-20T00:49:10 IST">
          <params>
            <param index="0">
              <value>
                <![CDATA[public void com.qa.tests.SigninWithEnglishLanguage.checkAgreeAndContinueButton()]]>
              </value>
            </param>
          </params>
          <reporter-output>
          </reporter-output>
        </test-method> <!-- beforeMethod -->
        <test-method status="PASS" signature="checkAgreeAndContinueButton()[pri:3, instance:com.qa.tests.SigninWithEnglishLanguage@26a262d6]" name="checkAgreeAndContinueButton" duration-ms="1810" started-at="2020-03-20T00:49:10 IST" description="Verified Agree_And Continue Button To Get The Permision Page Which Will Ask The Permission For Sending SMS" finished-at="2020-03-20T00:49:12 IST">
          <reporter-output>
          </reporter-output>
        </test-method> <!-- checkAgreeAndContinueButton -->
        <test-method status="PASS" signature="afterMethod()[pri:0, instance:com.qa.tests.SigninWithEnglishLanguage@26a262d6]" name="afterMethod" is-config="true" duration-ms="1" started-at="2020-03-20T00:49:13 IST" finished-at="2020-03-20T00:49:13 IST">
          <reporter-output>
          </reporter-output>
        </test-method> <!-- afterMethod -->
        <test-method status="PASS" signature="beforeMethod(java.lang.reflect.Method)[pri:0, instance:com.qa.tests.SigninWithEnglishLanguage@26a262d6]" name="beforeMethod" is-config="true" duration-ms="1" started-at="2020-03-20T00:49:13 IST" finished-at="2020-03-20T00:49:13 IST">
          <params>
            <param index="0">
              <value>
                <![CDATA[public void com.qa.tests.SigninWithEnglishLanguage.checkSmsAllowButton()]]>
              </value>
            </param>
          </params>
          <reporter-output>
          </reporter-output>
        </test-method> <!-- beforeMethod -->
        <test-method status="PASS" signature="checkSmsAllowButton()[pri:4, instance:com.qa.tests.SigninWithEnglishLanguage@26a262d6]" name="checkSmsAllowButton" duration-ms="1271" started-at="2020-03-20T00:49:13 IST" description="Verified allow button to Give The Permission For Sending SMS" finished-at="2020-03-20T00:49:14 IST">
          <reporter-output>
          </reporter-output>
        </test-method> <!-- checkSmsAllowButton -->
        <test-method status="PASS" signature="afterMethod()[pri:0, instance:com.qa.tests.SigninWithEnglishLanguage@26a262d6]" name="afterMethod" is-config="true" duration-ms="0" started-at="2020-03-20T00:49:14 IST" finished-at="2020-03-20T00:49:14 IST">
          <reporter-output>
          </reporter-output>
        </test-method> <!-- afterMethod -->
        <test-method status="PASS" signature="beforeMethod(java.lang.reflect.Method)[pri:0, instance:com.qa.tests.SigninWithEnglishLanguage@26a262d6]" name="beforeMethod" is-config="true" duration-ms="1" started-at="2020-03-20T00:49:14 IST" finished-at="2020-03-20T00:49:14 IST">
          <params>
            <param index="0">
              <value>
                <![CDATA[public void com.qa.tests.SigninWithEnglishLanguage.checkContactsAllowButton()]]>
              </value>
            </param>
          </params>
          <reporter-output>
          </reporter-output>
        </test-method> <!-- beforeMethod -->
        <test-method status="PASS" signature="checkContactsAllowButton()[pri:5, instance:com.qa.tests.SigninWithEnglishLanguage@26a262d6]" name="checkContactsAllowButton" duration-ms="1277" started-at="2020-03-20T00:49:14 IST" description="Verified allow button to Give The Permission For Access Contacts" finished-at="2020-03-20T00:49:16 IST">
          <reporter-output>
          </reporter-output>
        </test-method> <!-- checkContactsAllowButton -->
        <test-method status="PASS" signature="afterMethod()[pri:0, instance:com.qa.tests.SigninWithEnglishLanguage@26a262d6]" name="afterMethod" is-config="true" duration-ms="1" started-at="2020-03-20T00:49:16 IST" finished-at="2020-03-20T00:49:16 IST">
          <reporter-output>
          </reporter-output>
        </test-method> <!-- afterMethod -->
        <test-method status="PASS" signature="beforeMethod(java.lang.reflect.Method)[pri:0, instance:com.qa.tests.SigninWithEnglishLanguage@26a262d6]" name="beforeMethod" is-config="true" duration-ms="1" started-at="2020-03-20T00:49:16 IST" finished-at="2020-03-20T00:49:16 IST">
          <params>
            <param index="0">
              <value>
                <![CDATA[public void com.qa.tests.SigninWithEnglishLanguage.checkManagePhoneCallsAllowButton()]]>
              </value>
            </param>
          </params>
          <reporter-output>
          </reporter-output>
        </test-method> <!-- beforeMethod -->
        <test-method status="PASS" signature="checkManagePhoneCallsAllowButton()[pri:6, instance:com.qa.tests.SigninWithEnglishLanguage@26a262d6]" name="checkManagePhoneCallsAllowButton" duration-ms="1217" started-at="2020-03-20T00:49:16 IST" description="Verified allow button to Give The Permission For Manage Phone Calls" finished-at="2020-03-20T00:49:17 IST">
          <reporter-output>
          </reporter-output>
        </test-method> <!-- checkManagePhoneCallsAllowButton -->
        <test-method status="PASS" signature="afterMethod()[pri:0, instance:com.qa.tests.SigninWithEnglishLanguage@26a262d6]" name="afterMethod" is-config="true" duration-ms="1" started-at="2020-03-20T00:49:18 IST" finished-at="2020-03-20T00:49:18 IST">
          <reporter-output>
          </reporter-output>
        </test-method> <!-- afterMethod -->
        <test-method status="PASS" signature="beforeMethod(java.lang.reflect.Method)[pri:0, instance:com.qa.tests.SigninWithEnglishLanguage@26a262d6]" name="beforeMethod" is-config="true" duration-ms="1" started-at="2020-03-20T00:49:18 IST" finished-at="2020-03-20T00:49:18 IST">
          <params>
            <param index="0">
              <value>
                <![CDATA[public void com.qa.tests.SigninWithEnglishLanguage.checkLocationAllowButton()]]>
              </value>
            </param>
          </params>
          <reporter-output>
          </reporter-output>
        </test-method> <!-- beforeMethod -->
        <test-method status="PASS" signature="checkLocationAllowButton()[pri:7, instance:com.qa.tests.SigninWithEnglishLanguage@26a262d6]" name="checkLocationAllowButton" duration-ms="2518" started-at="2020-03-20T00:49:18 IST" description="Verified allow button to Give The Permission For Location" finished-at="2020-03-20T00:49:20 IST">
          <reporter-output>
          </reporter-output>
        </test-method> <!-- checkLocationAllowButton -->
        <test-method status="PASS" signature="afterMethod()[pri:0, instance:com.qa.tests.SigninWithEnglishLanguage@26a262d6]" name="afterMethod" is-config="true" duration-ms="1" started-at="2020-03-20T00:49:21 IST" finished-at="2020-03-20T00:49:21 IST">
          <reporter-output>
          </reporter-output>
        </test-method> <!-- afterMethod -->
        <test-method status="PASS" signature="beforeMethod(java.lang.reflect.Method)[pri:0, instance:com.qa.tests.SigninWithEnglishLanguage@26a262d6]" name="beforeMethod" is-config="true" duration-ms="1" started-at="2020-03-20T00:49:21 IST" finished-at="2020-03-20T00:49:21 IST">
          <params>
            <param index="0">
              <value>
                <![CDATA[public void com.qa.tests.SigninWithEnglishLanguage.checkFBLoginButton()]]>
              </value>
            </param>
          </params>
          <reporter-output>
          </reporter-output>
        </test-method> <!-- beforeMethod -->
        <test-method status="PASS" signature="checkFBLoginButton()[pri:8, instance:com.qa.tests.SigninWithEnglishLanguage@26a262d6]" name="checkFBLoginButton" duration-ms="9623" started-at="2020-03-20T00:49:21 IST" description="Verified Login With Facebook Button And Get Facebook Page For Login By Username and Password" finished-at="2020-03-20T00:49:31 IST">
          <reporter-output>
          </reporter-output>
        </test-method> <!-- checkFBLoginButton -->
        <test-method status="PASS" signature="afterMethod()[pri:0, instance:com.qa.tests.SigninWithEnglishLanguage@26a262d6]" name="afterMethod" is-config="true" duration-ms="0" started-at="2020-03-20T00:49:32 IST" finished-at="2020-03-20T00:49:32 IST">
          <reporter-output>
          </reporter-output>
        </test-method> <!-- afterMethod -->
        <test-method status="PASS" signature="beforeMethod(java.lang.reflect.Method)[pri:0, instance:com.qa.tests.SigninWithEnglishLanguage@26a262d6]" name="beforeMethod" is-config="true" duration-ms="1" started-at="2020-03-20T00:49:32 IST" finished-at="2020-03-20T00:49:32 IST">
          <params>
            <param index="0">
              <value>
                <![CDATA[public void com.qa.tests.SigninWithEnglishLanguage.checkFBLoginPage()]]>
              </value>
            </param>
          </params>
          <reporter-output>
          </reporter-output>
        </test-method> <!-- beforeMethod -->
        <test-method status="PASS" signature="checkFBLoginPage()[pri:9, instance:com.qa.tests.SigninWithEnglishLanguage@26a262d6]" name="checkFBLoginPage" duration-ms="17801" started-at="2020-03-20T00:49:32 IST" description="Verified(EditText By Enter FaceBook_UserName And Facebook_Password and Clicked On Login Button)" finished-at="2020-03-20T00:49:50 IST">
          <reporter-output>
          </reporter-output>
        </test-method> <!-- checkFBLoginPage -->
        <test-method status="PASS" signature="afterMethod()[pri:0, instance:com.qa.tests.SigninWithEnglishLanguage@26a262d6]" name="afterMethod" is-config="true" duration-ms="1" started-at="2020-03-20T00:49:51 IST" finished-at="2020-03-20T00:49:51 IST">
          <reporter-output>
          </reporter-output>
        </test-method> <!-- afterMethod -->
        <test-method status="PASS" signature="beforeMethod(java.lang.reflect.Method)[pri:0, instance:com.qa.tests.SigninWithEnglishLanguage@26a262d6]" name="beforeMethod" is-config="true" duration-ms="1" started-at="2020-03-20T00:49:51 IST" finished-at="2020-03-20T00:49:51 IST">
          <params>
            <param index="0">
              <value>
                <![CDATA[public void com.qa.tests.SigninWithEnglishLanguage.checkContinueLoginWithFBBtn()]]>
              </value>
            </param>
          </params>
          <reporter-output>
          </reporter-output>
        </test-method> <!-- beforeMethod -->
        <test-method status="PASS" signature="checkContinueLoginWithFBBtn()[pri:10, instance:com.qa.tests.SigninWithEnglishLanguage@26a262d6]" name="checkContinueLoginWithFBBtn" duration-ms="16713" started-at="2020-03-20T00:49:51 IST" description="Verified Continue Fb Button" finished-at="2020-03-20T00:50:08 IST">
          <reporter-output>
          </reporter-output>
        </test-method> <!-- checkContinueLoginWithFBBtn -->
        <test-method status="PASS" signature="afterMethod()[pri:0, instance:com.qa.tests.SigninWithEnglishLanguage@26a262d6]" name="afterMethod" is-config="true" duration-ms="0" started-at="2020-03-20T00:50:08 IST" finished-at="2020-03-20T00:50:08 IST">
          <reporter-output>
          </reporter-output>
        </test-method> <!-- afterMethod -->
        <test-method status="PASS" signature="beforeMethod(java.lang.reflect.Method)[pri:0, instance:com.qa.tests.SigninWithEnglishLanguage@26a262d6]" name="beforeMethod" is-config="true" duration-ms="1" started-at="2020-03-20T00:50:08 IST" finished-at="2020-03-20T00:50:08 IST">
          <params>
            <param index="0">
              <value>
                <![CDATA[public void com.qa.tests.SigninWithEnglishLanguage.checkCreatePassword()]]>
              </value>
            </param>
          </params>
          <reporter-output>
          </reporter-output>
        </test-method> <!-- beforeMethod -->
        <test-method status="PASS" signature="checkCreatePassword()[pri:11, instance:com.qa.tests.SigninWithEnglishLanguage@26a262d6]" name="checkCreatePassword" duration-ms="4707" started-at="2020-03-20T00:50:08 IST" description="Verified Create Password By Enter 4 Digits Password(1,2,3,4)" finished-at="2020-03-20T00:50:13 IST">
          <reporter-output>
          </reporter-output>
        </test-method> <!-- checkCreatePassword -->
        <test-method status="PASS" signature="afterMethod()[pri:0, instance:com.qa.tests.SigninWithEnglishLanguage@26a262d6]" name="afterMethod" is-config="true" duration-ms="0" started-at="2020-03-20T00:50:13 IST" finished-at="2020-03-20T00:50:13 IST">
          <reporter-output>
          </reporter-output>
        </test-method> <!-- afterMethod -->
        <test-method status="PASS" signature="beforeMethod(java.lang.reflect.Method)[pri:0, instance:com.qa.tests.SigninWithEnglishLanguage@26a262d6]" name="beforeMethod" is-config="true" duration-ms="1" started-at="2020-03-20T00:50:13 IST" finished-at="2020-03-20T00:50:13 IST">
          <params>
            <param index="0">
              <value>
                <![CDATA[public void com.qa.tests.SigninWithEnglishLanguage.checkConfirmPassword()]]>
              </value>
            </param>
          </params>
          <reporter-output>
          </reporter-output>
        </test-method> <!-- beforeMethod -->
        <test-method status="PASS" signature="checkConfirmPassword()[pri:12, instance:com.qa.tests.SigninWithEnglishLanguage@26a262d6]" name="checkConfirmPassword" duration-ms="12461" started-at="2020-03-20T00:50:13 IST" description="Verified Confirm Password By Enter Same Password(1,2,3,4)" finished-at="2020-03-20T00:50:26 IST">
          <reporter-output>
          </reporter-output>
        </test-method> <!-- checkConfirmPassword -->
        <test-method status="PASS" signature="afterMethod()[pri:0, instance:com.qa.tests.SigninWithEnglishLanguage@26a262d6]" name="afterMethod" is-config="true" duration-ms="0" started-at="2020-03-20T00:50:27 IST" finished-at="2020-03-20T00:50:27 IST">
          <reporter-output>
          </reporter-output>
        </test-method> <!-- afterMethod -->
        <test-method status="PASS" signature="afterClass()[pri:0, instance:com.qa.tests.SigninWithEnglishLanguage@26a262d6]" name="afterClass" is-config="true" duration-ms="1" started-at="2020-03-20T00:50:27 IST" finished-at="2020-03-20T00:50:27 IST">
          <reporter-output>
          </reporter-output>
        </test-method> <!-- afterClass -->
        <test-method status="PASS" signature="afterTest()[pri:0, instance:com.qa.tests.SigninWithEnglishLanguage@26a262d6]" name="afterTest" is-config="true" duration-ms="1791" started-at="2020-03-20T00:50:27 IST" finished-at="2020-03-20T00:50:28 IST">
          <reporter-output>
          </reporter-output>
        </test-method> <!-- afterTest -->
      </class> <!-- com.qa.tests.SigninWithEnglishLanguage -->
    </test> <!-- Complete Sign in Button tests with English Language -->
  </suite> <!-- Suite -->
</testng-results>
