<?xml version="1.0" encoding="UTF-8"?>
<testng-results skipped="0" failed="0" ignored="0" total="2" passed="2">
  <reporter-output>
  </reporter-output>
  <suite name="Suite" duration-ms="83434" started-at="2020-03-09T00:18:06 IST" finished-at="2020-03-09T00:19:29 IST">
    <groups>
    </groups>
    <test name="Test" duration-ms="83434" started-at="2020-03-09T00:18:06 IST" finished-at="2020-03-09T00:19:29 IST">
      <class name="com.qa.tests.EditWorkDetailsPageTest">
        <test-method status="PASS" signature="beforeTest(java.lang.String, java.lang.String, java.lang.String)[pri:0, instance:com.qa.tests.EditWorkDetailsPageTest@4e25147a]" name="beforeTest" is-config="true" duration-ms="20772" started-at="2020-03-09T00:18:06 IST" finished-at="2020-03-09T00:18:27 IST">
          <params>
            <param index="0">
              <value>
                <![CDATA[Android]]>
              </value>
            </param>
            <param index="1">
              <value>
                <![CDATA[8.0]]>
              </value>
            </param>
            <param index="2">
              <value>
                <![CDATA[Android Emulator]]>
              </value>
            </param>
          </params>
          <reporter-output>
          </reporter-output>
        </test-method> <!-- beforeTest -->
        <test-method status="PASS" signature="beforeClass()[pri:0, instance:com.qa.tests.EditWorkDetailsPageTest@4e25147a]" name="beforeClass" is-config="true" duration-ms="443" started-at="2020-03-09T00:18:27 IST" finished-at="2020-03-09T00:18:27 IST">
          <reporter-output>
          </reporter-output>
        </test-method> <!-- beforeClass -->
        <test-method status="PASS" signature="beforeMethod(java.lang.reflect.Method)[pri:0, instance:com.qa.tests.EditWorkDetailsPageTest@4e25147a]" name="beforeMethod" is-config="true" duration-ms="9" started-at="2020-03-09T00:18:27 IST" finished-at="2020-03-09T00:18:27 IST">
          <params>
            <param index="0">
              <value>
                <![CDATA[public void com.qa.tests.EditWorkDetailsPageTest.checkHomePageScrolling()]]>
              </value>
            </param>
          </params>
          <reporter-output>
          </reporter-output>
        </test-method> <!-- beforeMethod -->
        <test-method status="PASS" signature="checkHomePageScrolling()[pri:1, instance:com.qa.tests.EditWorkDetailsPageTest@4e25147a]" name="checkHomePageScrolling" duration-ms="27915" started-at="2020-03-09T00:18:27 IST" description="verify Enter Password Page and home page my_profile Button and On My profile page Expend Menu Button and Edit_Persional Details Button on menu page" finished-at="2020-03-09T00:18:55 IST">
          <reporter-output>
          </reporter-output>
        </test-method> <!-- checkHomePageScrolling -->
        <test-method status="PASS" signature="afterMethod()[pri:0, instance:com.qa.tests.EditWorkDetailsPageTest@4e25147a]" name="afterMethod" is-config="true" duration-ms="1" started-at="2020-03-09T00:18:56 IST" finished-at="2020-03-09T00:18:56 IST">
          <reporter-output>
          </reporter-output>
        </test-method> <!-- afterMethod -->
        <test-method status="PASS" signature="beforeMethod(java.lang.reflect.Method)[pri:0, instance:com.qa.tests.EditWorkDetailsPageTest@4e25147a]" name="beforeMethod" is-config="true" duration-ms="2" started-at="2020-03-09T00:18:56 IST" finished-at="2020-03-09T00:18:56 IST">
          <params>
            <param index="0">
              <value>
                <![CDATA[public void com.qa.tests.EditWorkDetailsPageTest.checkWithoutEnteringAnyValue()]]>
              </value>
            </param>
          </params>
          <reporter-output>
          </reporter-output>
        </test-method> <!-- beforeMethod -->
        <test-method status="PASS" signature="checkWithoutEnteringAnyValue()[pri:2, instance:com.qa.tests.EditWorkDetailsPageTest@4e25147a]" name="checkWithoutEnteringAnyValue" duration-ms="31548" started-at="2020-03-09T00:18:56 IST" description="Verify Edit Persional Details Page by Entering valid value and Scrolling" finished-at="2020-03-09T00:19:28 IST">
          <reporter-output>
          </reporter-output>
        </test-method> <!-- checkWithoutEnteringAnyValue -->
        <test-method status="PASS" signature="afterMethod()[pri:0, instance:com.qa.tests.EditWorkDetailsPageTest@4e25147a]" name="afterMethod" is-config="true" duration-ms="1" started-at="2020-03-09T00:19:29 IST" finished-at="2020-03-09T00:19:29 IST">
          <reporter-output>
          </reporter-output>
        </test-method> <!-- afterMethod -->
        <test-method status="PASS" signature="afterClass()[pri:0, instance:com.qa.tests.EditWorkDetailsPageTest@4e25147a]" name="afterClass" is-config="true" duration-ms="2" started-at="2020-03-09T00:19:29 IST" finished-at="2020-03-09T00:19:29 IST">
          <reporter-output>
          </reporter-output>
        </test-method> <!-- afterClass -->
        <test-method status="PASS" signature="afterTest()[pri:0, instance:com.qa.tests.EditWorkDetailsPageTest@4e25147a]" name="afterTest" is-config="true" duration-ms="501" started-at="2020-03-09T00:19:29 IST" finished-at="2020-03-09T00:19:29 IST">
          <reporter-output>
          </reporter-output>
        </test-method> <!-- afterTest -->
      </class> <!-- com.qa.tests.EditWorkDetailsPageTest -->
    </test> <!-- Test -->
  </suite> <!-- Suite -->
</testng-results>
