<?xml version="1.0" encoding="UTF-8"?>
<testng-results skipped="0" failed="0" ignored="0" total="10" passed="10">
  <reporter-output>
  </reporter-output>
  <suite name="Suite" duration-ms="133790" started-at="2020-05-01T17:04:44 IST" finished-at="2020-05-01T17:06:58 IST">
    <groups>
    </groups>
    <test name="Menu Page Button Tests" duration-ms="133790" started-at="2020-05-01T17:04:44 IST" finished-at="2020-05-01T17:06:58 IST">
      <class name="com.qa.tests.MenuPageButtonTest">
        <test-method status="PASS" signature="beforeSuit()[pri:0, instance:com.qa.tests.MenuPageButtonTest@2af4129d]" name="beforeSuit" is-config="true" duration-ms="5803" started-at="2020-05-01T17:04:39 IST" finished-at="2020-05-01T17:04:44 IST">
          <reporter-output>
          </reporter-output>
        </test-method> <!-- beforeSuit -->
        <test-method status="PASS" signature="beforeTest(java.lang.String, java.lang.String, java.lang.String, java.lang.String)[pri:0, instance:com.qa.tests.MenuPageButtonTest@2af4129d]" name="beforeTest" is-config="true" duration-ms="12725" started-at="2020-05-01T17:04:44 IST" finished-at="2020-05-01T17:04:57 IST">
          <params>
            <param index="0">
              <value>
                <![CDATA[Android]]>
              </value>
            </param>
            <param index="1">
              <value>
                <![CDATA[9.0]]>
              </value>
            </param>
            <param index="2">
              <value>
                <![CDATA[Android Emulator]]>
              </value>
            </param>
            <param index="3">
              <value>
                <![CDATA[emulator-5554]]>
              </value>
            </param>
          </params>
          <reporter-output>
          </reporter-output>
        </test-method> <!-- beforeTest -->
        <test-method status="PASS" signature="beforeClass()[pri:0, instance:com.qa.tests.MenuPageButtonTest@2af4129d]" name="beforeClass" is-config="true" duration-ms="408" started-at="2020-05-01T17:04:57 IST" finished-at="2020-05-01T17:04:58 IST">
          <reporter-output>
          </reporter-output>
        </test-method> <!-- beforeClass -->
        <test-method status="PASS" signature="beforeMethod()[pri:0, instance:com.qa.tests.MenuPageButtonTest@2af4129d]" name="beforeMethod" is-config="true" duration-ms="730" started-at="2020-05-01T17:04:58 IST" finished-at="2020-05-01T17:04:58 IST">
          <reporter-output>
          </reporter-output>
        </test-method> <!-- beforeMethod -->
        <test-method status="PASS" signature="beforeMethod(java.lang.reflect.Method)[pri:0, instance:com.qa.tests.MenuPageButtonTest@2af4129d]" name="beforeMethod" is-config="true" duration-ms="66" started-at="2020-05-01T17:04:58 IST" finished-at="2020-05-01T17:04:59 IST">
          <params>
            <param index="0">
              <value>
                <![CDATA[public void com.qa.tests.MenuPageButtonTest.checkHomePageScrolling()]]>
              </value>
            </param>
          </params>
          <reporter-output>
          </reporter-output>
        </test-method> <!-- beforeMethod -->
        <test-method status="PASS" signature="checkHomePageScrolling()[pri:1, instance:com.qa.tests.MenuPageButtonTest@2af4129d]" name="checkHomePageScrolling" duration-ms="30310" started-at="2020-05-01T17:04:59 IST" description="Verify Home Page Scrolling" finished-at="2020-05-01T17:05:29 IST">
          <reporter-output>
          </reporter-output>
        </test-method> <!-- checkHomePageScrolling -->
        <test-method status="PASS" signature="afterMethod()[pri:0, instance:com.qa.tests.MenuPageButtonTest@2af4129d]" name="afterMethod" is-config="true" duration-ms="2" started-at="2020-05-01T17:05:30 IST" finished-at="2020-05-01T17:05:30 IST">
          <reporter-output>
          </reporter-output>
        </test-method> <!-- afterMethod -->
        <test-method status="PASS" signature="afterMethod(org.testng.ITestResult)[pri:0, instance:com.qa.tests.MenuPageButtonTest@2af4129d]" name="afterMethod" is-config="true" duration-ms="1878" started-at="2020-05-01T17:05:30 IST" finished-at="2020-05-01T17:05:31 IST">
          <params>
            <param index="0">
              <value>
                <![CDATA[[TestResult name=checkHomePageScrolling status=SUCCESS method=MenuPageButtonTest.checkHomePageScrolling()[pri:1, instance:com.qa.tests.MenuPageButtonTest@2af4129d] output={null}]]]>
              </value>
            </param>
          </params>
          <reporter-output>
          </reporter-output>
        </test-method> <!-- afterMethod -->
        <test-method status="PASS" signature="beforeMethod()[pri:0, instance:com.qa.tests.MenuPageButtonTest@2af4129d]" name="beforeMethod" is-config="true" duration-ms="586" started-at="2020-05-01T17:05:31 IST" finished-at="2020-05-01T17:05:32 IST">
          <reporter-output>
          </reporter-output>
        </test-method> <!-- beforeMethod -->
        <test-method status="PASS" signature="beforeMethod(java.lang.reflect.Method)[pri:0, instance:com.qa.tests.MenuPageButtonTest@2af4129d]" name="beforeMethod" is-config="true" duration-ms="3" started-at="2020-05-01T17:05:32 IST" finished-at="2020-05-01T17:05:32 IST">
          <params>
            <param index="0">
              <value>
                <![CDATA[public void com.qa.tests.MenuPageButtonTest.checkMenuPageHomeButton()]]>
              </value>
            </param>
          </params>
          <reporter-output>
          </reporter-output>
        </test-method> <!-- beforeMethod -->
        <test-method status="PASS" signature="checkMenuPageHomeButton()[pri:2, instance:com.qa.tests.MenuPageButtonTest@2af4129d]" name="checkMenuPageHomeButton" duration-ms="5303" started-at="2020-05-01T17:05:32 IST" description="Verify Home Button which is peresence on Menu Page" finished-at="2020-05-01T17:05:37 IST">
          <reporter-output>
          </reporter-output>
        </test-method> <!-- checkMenuPageHomeButton -->
        <test-method status="PASS" signature="afterMethod()[pri:0, instance:com.qa.tests.MenuPageButtonTest@2af4129d]" name="afterMethod" is-config="true" duration-ms="0" started-at="2020-05-01T17:05:38 IST" finished-at="2020-05-01T17:05:38 IST">
          <reporter-output>
          </reporter-output>
        </test-method> <!-- afterMethod -->
        <test-method status="PASS" signature="afterMethod(org.testng.ITestResult)[pri:0, instance:com.qa.tests.MenuPageButtonTest@2af4129d]" name="afterMethod" is-config="true" duration-ms="902" started-at="2020-05-01T17:05:38 IST" finished-at="2020-05-01T17:05:39 IST">
          <params>
            <param index="0">
              <value>
                <![CDATA[[TestResult name=checkMenuPageHomeButton status=SUCCESS method=MenuPageButtonTest.checkMenuPageHomeButton()[pri:2, instance:com.qa.tests.MenuPageButtonTest@2af4129d] output={null}]]]>
              </value>
            </param>
          </params>
          <reporter-output>
          </reporter-output>
        </test-method> <!-- afterMethod -->
        <test-method status="PASS" signature="beforeMethod()[pri:0, instance:com.qa.tests.MenuPageButtonTest@2af4129d]" name="beforeMethod" is-config="true" duration-ms="644" started-at="2020-05-01T17:05:39 IST" finished-at="2020-05-01T17:05:39 IST">
          <reporter-output>
          </reporter-output>
        </test-method> <!-- beforeMethod -->
        <test-method status="PASS" signature="beforeMethod(java.lang.reflect.Method)[pri:0, instance:com.qa.tests.MenuPageButtonTest@2af4129d]" name="beforeMethod" is-config="true" duration-ms="3" started-at="2020-05-01T17:05:39 IST" finished-at="2020-05-01T17:05:39 IST">
          <params>
            <param index="0">
              <value>
                <![CDATA[public void com.qa.tests.MenuPageButtonTest.checkMenuPageMyLoansButton()]]>
              </value>
            </param>
          </params>
          <reporter-output>
          </reporter-output>
        </test-method> <!-- beforeMethod -->
        <test-method status="PASS" signature="checkMenuPageMyLoansButton()[pri:3, instance:com.qa.tests.MenuPageButtonTest@2af4129d]" name="checkMenuPageMyLoansButton" duration-ms="5233" started-at="2020-05-01T17:05:39 IST" description="Verify My_Loans Button which is peresence on Menu Page" finished-at="2020-05-01T17:05:45 IST">
          <reporter-output>
          </reporter-output>
        </test-method> <!-- checkMenuPageMyLoansButton -->
        <test-method status="PASS" signature="afterMethod()[pri:0, instance:com.qa.tests.MenuPageButtonTest@2af4129d]" name="afterMethod" is-config="true" duration-ms="1" started-at="2020-05-01T17:05:46 IST" finished-at="2020-05-01T17:05:46 IST">
          <reporter-output>
          </reporter-output>
        </test-method> <!-- afterMethod -->
        <test-method status="PASS" signature="afterMethod(org.testng.ITestResult)[pri:0, instance:com.qa.tests.MenuPageButtonTest@2af4129d]" name="afterMethod" is-config="true" duration-ms="859" started-at="2020-05-01T17:05:46 IST" finished-at="2020-05-01T17:05:46 IST">
          <params>
            <param index="0">
              <value>
                <![CDATA[[TestResult name=checkMenuPageMyLoansButton status=SUCCESS method=MenuPageButtonTest.checkMenuPageMyLoansButton()[pri:3, instance:com.qa.tests.MenuPageButtonTest@2af4129d] output={null}]]]>
              </value>
            </param>
          </params>
          <reporter-output>
          </reporter-output>
        </test-method> <!-- afterMethod -->
        <test-method status="PASS" signature="beforeMethod()[pri:0, instance:com.qa.tests.MenuPageButtonTest@2af4129d]" name="beforeMethod" is-config="true" duration-ms="490" started-at="2020-05-01T17:05:46 IST" finished-at="2020-05-01T17:05:47 IST">
          <reporter-output>
          </reporter-output>
        </test-method> <!-- beforeMethod -->
        <test-method status="PASS" signature="beforeMethod(java.lang.reflect.Method)[pri:0, instance:com.qa.tests.MenuPageButtonTest@2af4129d]" name="beforeMethod" is-config="true" duration-ms="3" started-at="2020-05-01T17:05:47 IST" finished-at="2020-05-01T17:05:47 IST">
          <params>
            <param index="0">
              <value>
                <![CDATA[public void com.qa.tests.MenuPageButtonTest.checkMenuPageMyProfileButton()]]>
              </value>
            </param>
          </params>
          <reporter-output>
          </reporter-output>
        </test-method> <!-- beforeMethod -->
        <test-method status="PASS" signature="checkMenuPageMyProfileButton()[pri:4, instance:com.qa.tests.MenuPageButtonTest@2af4129d]" name="checkMenuPageMyProfileButton" duration-ms="6848" started-at="2020-05-01T17:05:47 IST" description="Verify My_Profile Button which is peresence on Menu Page" finished-at="2020-05-01T17:05:54 IST">
          <reporter-output>
          </reporter-output>
        </test-method> <!-- checkMenuPageMyProfileButton -->
        <test-method status="PASS" signature="afterMethod()[pri:0, instance:com.qa.tests.MenuPageButtonTest@2af4129d]" name="afterMethod" is-config="true" duration-ms="0" started-at="2020-05-01T17:05:55 IST" finished-at="2020-05-01T17:05:55 IST">
          <reporter-output>
          </reporter-output>
        </test-method> <!-- afterMethod -->
        <test-method status="PASS" signature="afterMethod(org.testng.ITestResult)[pri:0, instance:com.qa.tests.MenuPageButtonTest@2af4129d]" name="afterMethod" is-config="true" duration-ms="915" started-at="2020-05-01T17:05:55 IST" finished-at="2020-05-01T17:05:56 IST">
          <params>
            <param index="0">
              <value>
                <![CDATA[[TestResult name=checkMenuPageMyProfileButton status=SUCCESS method=MenuPageButtonTest.checkMenuPageMyProfileButton()[pri:4, instance:com.qa.tests.MenuPageButtonTest@2af4129d] output={null}]]]>
              </value>
            </param>
          </params>
          <reporter-output>
          </reporter-output>
        </test-method> <!-- afterMethod -->
        <test-method status="PASS" signature="beforeMethod()[pri:0, instance:com.qa.tests.MenuPageButtonTest@2af4129d]" name="beforeMethod" is-config="true" duration-ms="597" started-at="2020-05-01T17:05:56 IST" finished-at="2020-05-01T17:05:56 IST">
          <reporter-output>
          </reporter-output>
        </test-method> <!-- beforeMethod -->
        <test-method status="PASS" signature="beforeMethod(java.lang.reflect.Method)[pri:0, instance:com.qa.tests.MenuPageButtonTest@2af4129d]" name="beforeMethod" is-config="true" duration-ms="4" started-at="2020-05-01T17:05:56 IST" finished-at="2020-05-01T17:05:56 IST">
          <params>
            <param index="0">
              <value>
                <![CDATA[public void com.qa.tests.MenuPageButtonTest.checkMenuPageAllTransactionButton()]]>
              </value>
            </param>
          </params>
          <reporter-output>
          </reporter-output>
        </test-method> <!-- beforeMethod -->
        <test-method status="PASS" signature="checkMenuPageAllTransactionButton()[pri:5, instance:com.qa.tests.MenuPageButtonTest@2af4129d]" name="checkMenuPageAllTransactionButton" duration-ms="6880" started-at="2020-05-01T17:05:56 IST" description="Verify All_Transaction Button which is peresence on Menu Page" finished-at="2020-05-01T17:06:03 IST">
          <reporter-output>
          </reporter-output>
        </test-method> <!-- checkMenuPageAllTransactionButton -->
        <test-method status="PASS" signature="afterMethod()[pri:0, instance:com.qa.tests.MenuPageButtonTest@2af4129d]" name="afterMethod" is-config="true" duration-ms="0" started-at="2020-05-01T17:06:04 IST" finished-at="2020-05-01T17:06:04 IST">
          <reporter-output>
          </reporter-output>
        </test-method> <!-- afterMethod -->
        <test-method status="PASS" signature="afterMethod(org.testng.ITestResult)[pri:0, instance:com.qa.tests.MenuPageButtonTest@2af4129d]" name="afterMethod" is-config="true" duration-ms="912" started-at="2020-05-01T17:06:04 IST" finished-at="2020-05-01T17:06:05 IST">
          <params>
            <param index="0">
              <value>
                <![CDATA[[TestResult name=checkMenuPageAllTransactionButton status=SUCCESS method=MenuPageButtonTest.checkMenuPageAllTransactionButton()[pri:5, instance:com.qa.tests.MenuPageButtonTest@2af4129d] output={null}]]]>
              </value>
            </param>
          </params>
          <reporter-output>
          </reporter-output>
        </test-method> <!-- afterMethod -->
        <test-method status="PASS" signature="beforeMethod()[pri:0, instance:com.qa.tests.MenuPageButtonTest@2af4129d]" name="beforeMethod" is-config="true" duration-ms="560" started-at="2020-05-01T17:06:05 IST" finished-at="2020-05-01T17:06:06 IST">
          <reporter-output>
          </reporter-output>
        </test-method> <!-- beforeMethod -->
        <test-method status="PASS" signature="beforeMethod(java.lang.reflect.Method)[pri:0, instance:com.qa.tests.MenuPageButtonTest@2af4129d]" name="beforeMethod" is-config="true" duration-ms="4" started-at="2020-05-01T17:06:06 IST" finished-at="2020-05-01T17:06:06 IST">
          <params>
            <param index="0">
              <value>
                <![CDATA[public void com.qa.tests.MenuPageButtonTest.checkMenuPageHelpAndSupportButton()]]>
              </value>
            </param>
          </params>
          <reporter-output>
          </reporter-output>
        </test-method> <!-- beforeMethod -->
        <test-method status="PASS" signature="checkMenuPageHelpAndSupportButton()[pri:6, instance:com.qa.tests.MenuPageButtonTest@2af4129d]" name="checkMenuPageHelpAndSupportButton" duration-ms="5787" started-at="2020-05-01T17:06:06 IST" description="Verify Help_And_Support Button which is peresence on Menu Page" finished-at="2020-05-01T17:06:11 IST">
          <reporter-output>
          </reporter-output>
        </test-method> <!-- checkMenuPageHelpAndSupportButton -->
        <test-method status="PASS" signature="afterMethod()[pri:0, instance:com.qa.tests.MenuPageButtonTest@2af4129d]" name="afterMethod" is-config="true" duration-ms="0" started-at="2020-05-01T17:06:12 IST" finished-at="2020-05-01T17:06:12 IST">
          <reporter-output>
          </reporter-output>
        </test-method> <!-- afterMethod -->
        <test-method status="PASS" signature="afterMethod(org.testng.ITestResult)[pri:0, instance:com.qa.tests.MenuPageButtonTest@2af4129d]" name="afterMethod" is-config="true" duration-ms="902" started-at="2020-05-01T17:06:12 IST" finished-at="2020-05-01T17:06:13 IST">
          <params>
            <param index="0">
              <value>
                <![CDATA[[TestResult name=checkMenuPageHelpAndSupportButton status=SUCCESS method=MenuPageButtonTest.checkMenuPageHelpAndSupportButton()[pri:6, instance:com.qa.tests.MenuPageButtonTest@2af4129d] output={null}]]]>
              </value>
            </param>
          </params>
          <reporter-output>
          </reporter-output>
        </test-method> <!-- afterMethod -->
        <test-method status="PASS" signature="beforeMethod()[pri:0, instance:com.qa.tests.MenuPageButtonTest@2af4129d]" name="beforeMethod" is-config="true" duration-ms="537" started-at="2020-05-01T17:06:13 IST" finished-at="2020-05-01T17:06:14 IST">
          <reporter-output>
          </reporter-output>
        </test-method> <!-- beforeMethod -->
        <test-method status="PASS" signature="beforeMethod(java.lang.reflect.Method)[pri:0, instance:com.qa.tests.MenuPageButtonTest@2af4129d]" name="beforeMethod" is-config="true" duration-ms="4" started-at="2020-05-01T17:06:14 IST" finished-at="2020-05-01T17:06:14 IST">
          <params>
            <param index="0">
              <value>
                <![CDATA[public void com.qa.tests.MenuPageButtonTest.checkMenuPageFAQButton()]]>
              </value>
            </param>
          </params>
          <reporter-output>
          </reporter-output>
        </test-method> <!-- beforeMethod -->
        <test-method status="PASS" signature="checkMenuPageFAQButton()[pri:7, instance:com.qa.tests.MenuPageButtonTest@2af4129d]" name="checkMenuPageFAQButton" duration-ms="7653" started-at="2020-05-01T17:06:14 IST" description="Verify FAQ Button which is peresence on Menu Page" finished-at="2020-05-01T17:06:21 IST">
          <reporter-output>
          </reporter-output>
        </test-method> <!-- checkMenuPageFAQButton -->
        <test-method status="PASS" signature="afterMethod()[pri:0, instance:com.qa.tests.MenuPageButtonTest@2af4129d]" name="afterMethod" is-config="true" duration-ms="1" started-at="2020-05-01T17:06:24 IST" finished-at="2020-05-01T17:06:24 IST">
          <reporter-output>
          </reporter-output>
        </test-method> <!-- afterMethod -->
        <test-method status="PASS" signature="afterMethod(org.testng.ITestResult)[pri:0, instance:com.qa.tests.MenuPageButtonTest@2af4129d]" name="afterMethod" is-config="true" duration-ms="1849" started-at="2020-05-01T17:06:24 IST" finished-at="2020-05-01T17:06:25 IST">
          <params>
            <param index="0">
              <value>
                <![CDATA[[TestResult name=checkMenuPageFAQButton status=SUCCESS method=MenuPageButtonTest.checkMenuPageFAQButton()[pri:7, instance:com.qa.tests.MenuPageButtonTest@2af4129d] output={null}]]]>
              </value>
            </param>
          </params>
          <reporter-output>
          </reporter-output>
        </test-method> <!-- afterMethod -->
        <test-method status="PASS" signature="beforeMethod()[pri:0, instance:com.qa.tests.MenuPageButtonTest@2af4129d]" name="beforeMethod" is-config="true" duration-ms="1165" started-at="2020-05-01T17:06:25 IST" finished-at="2020-05-01T17:06:27 IST">
          <reporter-output>
          </reporter-output>
        </test-method> <!-- beforeMethod -->
        <test-method status="PASS" signature="beforeMethod(java.lang.reflect.Method)[pri:0, instance:com.qa.tests.MenuPageButtonTest@2af4129d]" name="beforeMethod" is-config="true" duration-ms="4" started-at="2020-05-01T17:06:27 IST" finished-at="2020-05-01T17:06:27 IST">
          <params>
            <param index="0">
              <value>
                <![CDATA[public void com.qa.tests.MenuPageButtonTest.checkMenuPageLanguageSettingButton()]]>
              </value>
            </param>
          </params>
          <reporter-output>
          </reporter-output>
        </test-method> <!-- beforeMethod -->
        <test-method status="PASS" signature="checkMenuPageLanguageSettingButton()[pri:8, instance:com.qa.tests.MenuPageButtonTest@2af4129d]" name="checkMenuPageLanguageSettingButton" duration-ms="9940" started-at="2020-05-01T17:06:27 IST" description="Verify Language Button which is peresence on Menu Page" finished-at="2020-05-01T17:06:36 IST">
          <reporter-output>
          </reporter-output>
        </test-method> <!-- checkMenuPageLanguageSettingButton -->
        <test-method status="PASS" signature="afterMethod()[pri:0, instance:com.qa.tests.MenuPageButtonTest@2af4129d]" name="afterMethod" is-config="true" duration-ms="0" started-at="2020-05-01T17:06:37 IST" finished-at="2020-05-01T17:06:37 IST">
          <reporter-output>
          </reporter-output>
        </test-method> <!-- afterMethod -->
        <test-method status="PASS" signature="afterMethod(org.testng.ITestResult)[pri:0, instance:com.qa.tests.MenuPageButtonTest@2af4129d]" name="afterMethod" is-config="true" duration-ms="844" started-at="2020-05-01T17:06:37 IST" finished-at="2020-05-01T17:06:38 IST">
          <params>
            <param index="0">
              <value>
                <![CDATA[[TestResult name=checkMenuPageLanguageSettingButton status=SUCCESS method=MenuPageButtonTest.checkMenuPageLanguageSettingButton()[pri:8, instance:com.qa.tests.MenuPageButtonTest@2af4129d] output={null}]]]>
              </value>
            </param>
          </params>
          <reporter-output>
          </reporter-output>
        </test-method> <!-- afterMethod -->
        <test-method status="PASS" signature="beforeMethod()[pri:0, instance:com.qa.tests.MenuPageButtonTest@2af4129d]" name="beforeMethod" is-config="true" duration-ms="488" started-at="2020-05-01T17:06:38 IST" finished-at="2020-05-01T17:06:38 IST">
          <reporter-output>
          </reporter-output>
        </test-method> <!-- beforeMethod -->
        <test-method status="PASS" signature="beforeMethod(java.lang.reflect.Method)[pri:0, instance:com.qa.tests.MenuPageButtonTest@2af4129d]" name="beforeMethod" is-config="true" duration-ms="2" started-at="2020-05-01T17:06:38 IST" finished-at="2020-05-01T17:06:38 IST">
          <params>
            <param index="0">
              <value>
                <![CDATA[public void com.qa.tests.MenuPageButtonTest.checkMenuPageTroubleshootButton()]]>
              </value>
            </param>
          </params>
          <reporter-output>
          </reporter-output>
        </test-method> <!-- beforeMethod -->
        <test-method status="PASS" signature="checkMenuPageTroubleshootButton()[pri:9, instance:com.qa.tests.MenuPageButtonTest@2af4129d]" name="checkMenuPageTroubleshootButton" duration-ms="7916" started-at="2020-05-01T17:06:38 IST" description="Verify Troubleshoot Button which is peresence on Menu Page" finished-at="2020-05-01T17:06:46 IST">
          <reporter-output>
          </reporter-output>
        </test-method> <!-- checkMenuPageTroubleshootButton -->
        <test-method status="PASS" signature="afterMethod()[pri:0, instance:com.qa.tests.MenuPageButtonTest@2af4129d]" name="afterMethod" is-config="true" duration-ms="1" started-at="2020-05-01T17:06:47 IST" finished-at="2020-05-01T17:06:47 IST">
          <reporter-output>
          </reporter-output>
        </test-method> <!-- afterMethod -->
        <test-method status="PASS" signature="afterMethod(org.testng.ITestResult)[pri:0, instance:com.qa.tests.MenuPageButtonTest@2af4129d]" name="afterMethod" is-config="true" duration-ms="956" started-at="2020-05-01T17:06:47 IST" finished-at="2020-05-01T17:06:48 IST">
          <params>
            <param index="0">
              <value>
                <![CDATA[[TestResult name=checkMenuPageTroubleshootButton status=SUCCESS method=MenuPageButtonTest.checkMenuPageTroubleshootButton()[pri:9, instance:com.qa.tests.MenuPageButtonTest@2af4129d] output={null}]]]>
              </value>
            </param>
          </params>
          <reporter-output>
          </reporter-output>
        </test-method> <!-- afterMethod -->
        <test-method status="PASS" signature="beforeMethod()[pri:0, instance:com.qa.tests.MenuPageButtonTest@2af4129d]" name="beforeMethod" is-config="true" duration-ms="485" started-at="2020-05-01T17:06:48 IST" finished-at="2020-05-01T17:06:48 IST">
          <reporter-output>
          </reporter-output>
        </test-method> <!-- beforeMethod -->
        <test-method status="PASS" signature="beforeMethod(java.lang.reflect.Method)[pri:0, instance:com.qa.tests.MenuPageButtonTest@2af4129d]" name="beforeMethod" is-config="true" duration-ms="3" started-at="2020-05-01T17:06:48 IST" finished-at="2020-05-01T17:06:48 IST">
          <params>
            <param index="0">
              <value>
                <![CDATA[public void com.qa.tests.MenuPageButtonTest.checkMenuPageMyBankDetailsButton()]]>
              </value>
            </param>
          </params>
          <reporter-output>
          </reporter-output>
        </test-method> <!-- beforeMethod -->
        <test-method status="PASS" signature="checkMenuPageMyBankDetailsButton()[pri:10, instance:com.qa.tests.MenuPageButtonTest@2af4129d]" name="checkMenuPageMyBankDetailsButton" duration-ms="7102" started-at="2020-05-01T17:06:48 IST" description="Verify My_Bank_Details Button which is peresence on Menu Page" finished-at="2020-05-01T17:06:55 IST">
          <reporter-output>
          </reporter-output>
        </test-method> <!-- checkMenuPageMyBankDetailsButton -->
        <test-method status="PASS" signature="afterMethod()[pri:0, instance:com.qa.tests.MenuPageButtonTest@2af4129d]" name="afterMethod" is-config="true" duration-ms="0" started-at="2020-05-01T17:06:56 IST" finished-at="2020-05-01T17:06:56 IST">
          <reporter-output>
          </reporter-output>
        </test-method> <!-- afterMethod -->
        <test-method status="PASS" signature="afterMethod(org.testng.ITestResult)[pri:0, instance:com.qa.tests.MenuPageButtonTest@2af4129d]" name="afterMethod" is-config="true" duration-ms="877" started-at="2020-05-01T17:06:56 IST" finished-at="2020-05-01T17:06:57 IST">
          <params>
            <param index="0">
              <value>
                <![CDATA[[TestResult name=checkMenuPageMyBankDetailsButton status=SUCCESS method=MenuPageButtonTest.checkMenuPageMyBankDetailsButton()[pri:10, instance:com.qa.tests.MenuPageButtonTest@2af4129d] output={null}]]]>
              </value>
            </param>
          </params>
          <reporter-output>
          </reporter-output>
        </test-method> <!-- afterMethod -->
        <test-method status="PASS" signature="afterClass()[pri:0, instance:com.qa.tests.MenuPageButtonTest@2af4129d]" name="afterClass" is-config="true" duration-ms="1" started-at="2020-05-01T17:06:57 IST" finished-at="2020-05-01T17:06:57 IST">
          <reporter-output>
          </reporter-output>
        </test-method> <!-- afterClass -->
        <test-method status="PASS" signature="afterTest()[pri:0, instance:com.qa.tests.MenuPageButtonTest@2af4129d]" name="afterTest" is-config="true" duration-ms="866" started-at="2020-05-01T17:06:57 IST" finished-at="2020-05-01T17:06:58 IST">
          <reporter-output>
          </reporter-output>
        </test-method> <!-- afterTest -->
        <test-method status="PASS" signature="afterSuite()[pri:0, instance:com.qa.tests.MenuPageButtonTest@2af4129d]" name="afterSuite" is-config="true" duration-ms="51" started-at="2020-05-01T17:06:59 IST" finished-at="2020-05-01T17:06:59 IST">
          <reporter-output>
          </reporter-output>
        </test-method> <!-- afterSuite -->
      </class> <!-- com.qa.tests.MenuPageButtonTest -->
    </test> <!-- Menu Page Button Tests -->
  </suite> <!-- Suite -->
</testng-results>
