<?xml version="1.0" encoding="UTF-8"?>
<testng-results skipped="0" failed="0" ignored="0" total="3" passed="3">
  <reporter-output>
  </reporter-output>
  <suite name="Suite" duration-ms="132649" started-at="2020-03-09T18:49:13 IST" finished-at="2020-03-09T18:51:25 IST">
    <groups>
    </groups>
    <test name="Test" duration-ms="132649" started-at="2020-03-09T18:49:13 IST" finished-at="2020-03-09T18:51:25 IST">
      <class name="com.qa.tests.AddBankAccountPageTest">
        <test-method status="PASS" signature="beforeTest(java.lang.String, java.lang.String, java.lang.String)[pri:0, instance:com.qa.tests.AddBankAccountPageTest@5b2f8ab6]" name="beforeTest" is-config="true" duration-ms="32729" started-at="2020-03-09T18:49:13 IST" finished-at="2020-03-09T18:49:46 IST">
          <params>
            <param index="0">
              <value>
                <![CDATA[Android]]>
              </value>
            </param>
            <param index="1">
              <value>
                <![CDATA[8.0]]>
              </value>
            </param>
            <param index="2">
              <value>
                <![CDATA[Android Emulator]]>
              </value>
            </param>
          </params>
          <reporter-output>
          </reporter-output>
        </test-method> <!-- beforeTest -->
        <test-method status="PASS" signature="beforeClass()[pri:0, instance:com.qa.tests.AddBankAccountPageTest@5b2f8ab6]" name="beforeClass" is-config="true" duration-ms="949" started-at="2020-03-09T18:49:46 IST" finished-at="2020-03-09T18:49:47 IST">
          <reporter-output>
          </reporter-output>
        </test-method> <!-- beforeClass -->
        <test-method status="PASS" signature="beforeMethod(java.lang.reflect.Method)[pri:0, instance:com.qa.tests.AddBankAccountPageTest@5b2f8ab6]" name="beforeMethod" is-config="true" duration-ms="11" started-at="2020-03-09T18:49:47 IST" finished-at="2020-03-09T18:49:47 IST">
          <params>
            <param index="0">
              <value>
                <![CDATA[public void com.qa.tests.AddBankAccountPageTest.checkHomePageScrolling()]]>
              </value>
            </param>
          </params>
          <reporter-output>
          </reporter-output>
        </test-method> <!-- beforeMethod -->
        <test-method status="PASS" signature="checkHomePageScrolling()[pri:1, instance:com.qa.tests.AddBankAccountPageTest@5b2f8ab6]" name="checkHomePageScrolling" duration-ms="28537" started-at="2020-03-09T18:49:47 IST" description="Verify Home Page Scrolling" finished-at="2020-03-09T18:50:15 IST">
          <reporter-output>
          </reporter-output>
        </test-method> <!-- checkHomePageScrolling -->
        <test-method status="PASS" signature="afterMethod()[pri:0, instance:com.qa.tests.AddBankAccountPageTest@5b2f8ab6]" name="afterMethod" is-config="true" duration-ms="1" started-at="2020-03-09T18:50:16 IST" finished-at="2020-03-09T18:50:16 IST">
          <reporter-output>
          </reporter-output>
        </test-method> <!-- afterMethod -->
        <test-method status="PASS" signature="beforeMethod(java.lang.reflect.Method)[pri:0, instance:com.qa.tests.AddBankAccountPageTest@5b2f8ab6]" name="beforeMethod" is-config="true" duration-ms="9" started-at="2020-03-09T18:50:16 IST" finished-at="2020-03-09T18:50:16 IST">
          <params>
            <param index="0">
              <value>
                <![CDATA[public void com.qa.tests.AddBankAccountPageTest.checkAddBankAccountWithCheckLeafPage()]]>
              </value>
            </param>
          </params>
          <reporter-output>
          </reporter-output>
        </test-method> <!-- beforeMethod -->
        <test-method status="PASS" signature="checkAddBankAccountWithCheckLeafPage()[pri:10, instance:com.qa.tests.AddBankAccountPageTest@5b2f8ab6]" name="checkAddBankAccountWithCheckLeafPage" duration-ms="34090" started-at="2020-03-09T18:50:16 IST" description="Verify My_Bank_Details Button which is peresence on Menu Page" finished-at="2020-03-09T18:50:50 IST">
          <reporter-output>
          </reporter-output>
        </test-method> <!-- checkAddBankAccountWithCheckLeafPage -->
        <test-method status="PASS" signature="afterMethod()[pri:0, instance:com.qa.tests.AddBankAccountPageTest@5b2f8ab6]" name="afterMethod" is-config="true" duration-ms="0" started-at="2020-03-09T18:50:52 IST" finished-at="2020-03-09T18:50:52 IST">
          <reporter-output>
          </reporter-output>
        </test-method> <!-- afterMethod -->
        <test-method status="PASS" signature="beforeMethod(java.lang.reflect.Method)[pri:0, instance:com.qa.tests.AddBankAccountPageTest@5b2f8ab6]" name="beforeMethod" is-config="true" duration-ms="2" started-at="2020-03-09T18:50:52 IST" finished-at="2020-03-09T18:50:52 IST">
          <params>
            <param index="0">
              <value>
                <![CDATA[public void com.qa.tests.AddBankAccountPageTest.checkAddBankAccountWithIfscCodefPage()]]>
              </value>
            </param>
          </params>
          <reporter-output>
          </reporter-output>
        </test-method> <!-- beforeMethod -->
        <test-method status="PASS" signature="checkAddBankAccountWithIfscCodefPage()[pri:10, instance:com.qa.tests.AddBankAccountPageTest@5b2f8ab6]" name="checkAddBankAccountWithIfscCodefPage" duration-ms="31944" started-at="2020-03-09T18:50:52 IST" description="Verify My_Bank_Details Button which is peresence on Menu Page" finished-at="2020-03-09T18:51:24 IST">
          <reporter-output>
          </reporter-output>
        </test-method> <!-- checkAddBankAccountWithIfscCodefPage -->
        <test-method status="PASS" signature="afterMethod()[pri:0, instance:com.qa.tests.AddBankAccountPageTest@5b2f8ab6]" name="afterMethod" is-config="true" duration-ms="0" started-at="2020-03-09T18:51:25 IST" finished-at="2020-03-09T18:51:25 IST">
          <reporter-output>
          </reporter-output>
        </test-method> <!-- afterMethod -->
        <test-method status="PASS" signature="afterClass()[pri:0, instance:com.qa.tests.AddBankAccountPageTest@5b2f8ab6]" name="afterClass" is-config="true" duration-ms="1" started-at="2020-03-09T18:51:25 IST" finished-at="2020-03-09T18:51:25 IST">
          <reporter-output>
          </reporter-output>
        </test-method> <!-- afterClass -->
        <test-method status="PASS" signature="afterTest()[pri:0, instance:com.qa.tests.AddBankAccountPageTest@5b2f8ab6]" name="afterTest" is-config="true" duration-ms="453" started-at="2020-03-09T18:51:25 IST" finished-at="2020-03-09T18:51:25 IST">
          <reporter-output>
          </reporter-output>
        </test-method> <!-- afterTest -->
      </class> <!-- com.qa.tests.AddBankAccountPageTest -->
    </test> <!-- Test -->
  </suite> <!-- Suite -->
</testng-results>
